<?xml version="1.0" encoding="UTF-8"?>
<!-- Generated by org.testng.reporters.JUnitReportReporter -->
<testsuite skipped="0" hostname="A4SITML17255" name="com.qa.TestScripts.LoginPageTest" tests="1" failures="0" timestamp="11 Feb 2019 13:15:14 GMT" time="18.113" errors="0">
  <testcase name="homePagetest" time="18.113" classname="com.qa.TestScripts.LoginPageTest"/>
</testsuite> <!-- com.qa.TestScripts.LoginPageTest -->
